<?xml version="1.0" encoding="UTF-8"?>
<!-- Generated by org.testng.reporters.JUnitReportReporter -->
<testsuite hostname="Mubbashir" failures="0" tests="1" name="TestCases.CloudWays" time="67.267" errors="0" timestamp="2021-01-06T18:43:26 PKT" skipped="0">
  <testcase classname="TestCases.CloudWays" name="CreateNewTeamMember" time="67.267"/>
  <system-out/>
</testsuite> <!-- TestCases.CloudWays -->
